<?xml version="1.0" encoding="UTF-8" ?>
<testsuite errors="0" failures="0" hostname="jenkins" name="grails.clickstart.EventCategoryControllerSpec" tests="4" time="3.095" timestamp="2014-03-05T04:37:58">
  <properties />
  <testcase classname="grails.clickstart.EventCategoryControllerSpec" name="Test the index action returns the correct model" time="2.354" />
  <testcase classname="grails.clickstart.EventCategoryControllerSpec" name="Test the create action returns the correct model" time="0.189" />
  <testcase classname="grails.clickstart.EventCategoryControllerSpec" name="Test that the show action returns the correct model" time="0.169" />
  <testcase classname="grails.clickstart.EventCategoryControllerSpec" name="Test that the edit action returns the correct model" time="0.174" />
  <system-out><![CDATA[--Output from Test the index action returns the correct model--
--Output from Test the create action returns the correct model--
--Output from Test that the show action returns the correct model--
--Output from Test that the edit action returns the correct model--
]]></system-out>
  <system-err><![CDATA[--Output from Test the index action returns the correct model--
--Output from Test the create action returns the correct model--
--Output from Test that the show action returns the correct model--
--Output from Test that the edit action returns the correct model--
]]></system-err>
</testsuite>
