<?xml version="1.0" encoding="UTF-8" ?>
<testsuite errors="0" failures="0" hostname="jenkins" name="grails.clickstart.EventTypeControllerSpec" tests="4" time="0.726" timestamp="2014-03-05T04:38:01">
  <properties />
  <testcase classname="grails.clickstart.EventTypeControllerSpec" name="Test the index action returns the correct model" time="0.333" />
  <testcase classname="grails.clickstart.EventTypeControllerSpec" name="Test the create action returns the correct model" time="0.074" />
  <testcase classname="grails.clickstart.EventTypeControllerSpec" name="Test that the show action returns the correct model" time="0.072" />
  <testcase classname="grails.clickstart.EventTypeControllerSpec" name="Test that the edit action returns the correct model" time="0.07" />
  <system-out><![CDATA[--Output from Test the index action returns the correct model--
--Output from Test the create action returns the correct model--
--Output from Test that the show action returns the correct model--
--Output from Test that the edit action returns the correct model--
]]></system-out>
  <system-err><![CDATA[--Output from Test the index action returns the correct model--
--Output from Test the create action returns the correct model--
--Output from Test that the show action returns the correct model--
--Output from Test that the edit action returns the correct model--
]]></system-err>
</testsuite>
