<?xml version="1.0" encoding="UTF-8" ?>
<testsuite errors="0" failures="0" hostname="jenkins" name="grails.clickstart.EventCommentControllerSpec" tests="4" time="0.623" timestamp="2014-03-05T04:38:02">
  <properties />
  <testcase classname="grails.clickstart.EventCommentControllerSpec" name="Test the index action returns the correct model" time="0.261" />
  <testcase classname="grails.clickstart.EventCommentControllerSpec" name="Test the create action returns the correct model" time="0.068" />
  <testcase classname="grails.clickstart.EventCommentControllerSpec" name="Test that the show action returns the correct model" time="0.065" />
  <testcase classname="grails.clickstart.EventCommentControllerSpec" name="Test that the edit action returns the correct model" time="0.067" />
  <system-out><![CDATA[--Output from Test the index action returns the correct model--
--Output from Test the create action returns the correct model--
--Output from Test that the show action returns the correct model--
--Output from Test that the edit action returns the correct model--
]]></system-out>
  <system-err><![CDATA[--Output from Test the index action returns the correct model--
--Output from Test the create action returns the correct model--
--Output from Test that the show action returns the correct model--
--Output from Test that the edit action returns the correct model--
]]></system-err>
</testsuite>
