<?xml version="1.0" encoding="UTF-8" ?>
<testsuite errors="0" failures="0" hostname="jenkins" name="grails.clickstart.EventTypeTests" tests="1" time="1.148" timestamp="2014-03-05T04:37:57">
  <properties />
  <testcase classname="grails.clickstart.EventTypeTests" name="testToString" time="0.024" />
  <system-out><![CDATA[--Output from testToString--
]]></system-out>
  <system-err><![CDATA[--Output from testToString--
]]></system-err>
</testsuite>
