<?xml version="1.0" encoding="UTF-8" ?>
<testsuite errors="0" failures="0" hostname="jenkins" name="grails.clickstart.EventTests" tests="1" time="0.028" timestamp="2014-03-05T04:37:57">
  <properties />
  <testcase classname="grails.clickstart.EventTests" name="testToString" time="0.027" />
  <system-out><![CDATA[--Output from testToString--
]]></system-out>
  <system-err><![CDATA[--Output from testToString--
]]></system-err>
</testsuite>
